<?xml version="1.0" encoding="UTF-8"?>
<testsuites name="jest tests" tests="2" failures="0" errors="0" time="53.842">
  <testsuite name="e2e/api-integration.e2e.js" errors="0" failures="0" skipped="0" timestamp="2025-12-23T11:01:44" time="53.59" tests="2">
    <testcase classname="API Integration Tests" name="should make successful API call when Test API button is tapped" time="1.568">
    </testcase>
    <testcase classname="API Integration Tests" name="should show loading state during API call" time="3.376">
    </testcase>
  </testsuite>
</testsuites>